2015-07-20 11:25 CDT mail message #65 queued
2015-07-20 11:25 CDT mail queued reminder email #65 for U2
2015-07-20 11:25 CDT mail Processing e-mail queue (8 messages)
2015-07-20 11:25 CDT mail Sending message #58 queued on 2015-07-20 11:10 CDT
2015-07-20 11:25 CDT mail ERROR: Message could not be sent - Error SMTP: Datos no aceptados.<p>Error del servidor SMTP: 5.7.60 SMTP; Client does not have permissions to send as this sender
</p>

2015-07-20 11:25 CDT mail Server not responding for 5 seconds, aborting
2015-07-20 11:28 CDT mail message #66 queued
2015-07-20 11:28 CDT mail queued reminder email #66 for U2
2015-07-20 11:28 CDT mail Processing e-mail queue (9 messages)
2015-07-20 11:28 CDT mail Sending message #58 queued on 2015-07-20 11:10 CDT
2015-07-20 11:28 CDT mail ERROR: Message could not be sent - Error SMTP: Datos no aceptados.<p>Error del servidor SMTP: 5.7.60 SMTP; Client does not have permissions to send as this sender
</p>

2015-07-20 11:28 CDT mail Server not responding for 5 seconds, aborting
2015-07-20 11:30 CDT mail message #67 queued
2015-07-20 11:30 CDT mail queued reminder email #67 for U2
2015-07-20 11:30 CDT mail Processing e-mail queue (10 messages)
2015-07-20 11:30 CDT mail Sending message #58 queued on 2015-07-20 11:10 CDT
2015-07-20 11:30 CDT mail ERROR: Message could not be sent - Error SMTP: Datos no aceptados.<p>Error del servidor SMTP: 5.7.60 SMTP; Client does not have permissions to send as this sender
</p>

2015-07-20 11:30 CDT mail Server not responding for 5 seconds, aborting
2015-07-20 11:33 CDT mail message #68 queued
2015-07-20 11:33 CDT mail queued reminder email #68 for U2
2015-07-20 11:33 CDT mail Processing e-mail queue (11 messages)
2015-07-20 11:33 CDT mail Sending message #58 queued on 2015-07-20 11:10 CDT
2015-07-20 11:33 CDT mail ERROR: Message could not be sent - Error SMTP: Datos no aceptados.<p>Error del servidor SMTP: 5.7.60 SMTP; Client does not have permissions to send as this sender
</p>

2015-07-20 11:33 CDT mail Server not responding for 5 seconds, aborting
2015-07-20 11:40 CDT mail message #69 queued
2015-07-20 11:40 CDT mail queued reminder email #69 for U2
2015-07-20 11:40 CDT mail Processing e-mail queue (12 messages)
2015-07-20 11:40 CDT mail Sending message #58 queued on 2015-07-20 11:10 CDT
2015-07-20 11:41 CDT mail ERROR: Message could not be sent - Error SMTP: No se pudo autentificar.
2015-07-20 11:41 CDT mail Server not responding for 5 seconds, aborting
2015-07-20 11:54 CDT mail message #70 queued
2015-07-20 11:54 CDT mail queued reminder email #70 for U2
2015-07-20 11:54 CDT mail Processing e-mail queue (13 messages)
2015-07-20 11:54 CDT mail Sending message #58 queued on 2015-07-20 11:10 CDT
2015-07-20 11:54 CDT mail ERROR: Message could not be sent - Error SMTP: No se pudo autentificar.
2015-07-20 11:54 CDT mail Server not responding for 5 seconds, aborting
2015-07-20 11:55 CDT mail message #71 queued
2015-07-20 11:55 CDT mail queued reminder email #71 for U2
2015-07-20 11:55 CDT mail Processing e-mail queue (14 messages)
2015-07-20 11:55 CDT mail Sending message #58 queued on 2015-07-20 11:10 CDT
2015-07-20 11:55 CDT mail ERROR: Message could not be sent - Error SMTP: No se pudo autentificar.
2015-07-20 11:55 CDT mail Server not responding for 5 seconds, aborting
2015-07-20 12:45 CDT mail message #72 queued
2015-07-20 12:45 CDT mail queued reminder email #72 for U2
2015-07-20 12:45 CDT mail Processing e-mail queue (15 messages)
2015-07-20 12:45 CDT mail Sending message #58 queued on 2015-07-20 11:10 CDT
2015-07-20 12:45 CDT mail ERROR: Message could not be sent - Error SMTP: No se pudo autentificar.
2015-07-20 12:45 CDT mail Server not responding for 5 seconds, aborting
2015-07-20 12:52 CDT mail message #73 queued
2015-07-20 12:52 CDT mail queued reminder email #73 for U2
2015-07-20 12:52 CDT mail Processing e-mail queue (16 messages)
2015-07-20 12:52 CDT mail Sending message #58 queued on 2015-07-20 11:10 CDT
2015-07-20 12:52 CDT mail ERROR: Message could not be sent - Error SMTP: No se pudo autentificar.
2015-07-20 12:52 CDT mail Server not responding for 5 seconds, aborting
2015-07-20 12:57 CDT mail message #74 queued
2015-07-20 12:57 CDT mail queued reminder email #74 for U2
2015-07-20 12:57 CDT mail Processing e-mail queue (17 messages)
2015-07-20 12:57 CDT mail Sending message #58 queued on 2015-07-20 11:10 CDT
2015-07-20 12:57 CDT mail ERROR: Message could not be sent - Error SMTP: No se pudo autentificar.
2015-07-20 12:57 CDT mail Server not responding for 5 seconds, aborting
2015-07-20 12:59 CDT mail message #75 queued
2015-07-20 12:59 CDT mail queued reminder email #75 for U2
2015-07-20 12:59 CDT mail Processing e-mail queue (18 messages)
2015-07-20 12:59 CDT mail Sending message #58 queued on 2015-07-20 11:10 CDT
2015-07-20 12:59 CDT mail ERROR: Message could not be sent - Error SMTP: No se pudo autentificar.
2015-07-20 12:59 CDT mail Server not responding for 5 seconds, aborting
2015-07-20 13:00 CDT mail message #76 queued
2015-07-20 13:00 CDT mail queued reminder email #76 for U2
2015-07-20 13:00 CDT mail Processing e-mail queue (19 messages)
2015-07-20 13:00 CDT mail Sending message #58 queued on 2015-07-20 11:10 CDT
2015-07-20 13:00 CDT mail ERROR: Message could not be sent - Error SMTP: No se pudo autentificar.
2015-07-20 13:00 CDT mail Server not responding for 5 seconds, aborting
2015-07-20 13:05 CDT mail message #77 queued
2015-07-20 13:05 CDT mail queued reminder email #77 for U2
2015-07-20 13:05 CDT mail Processing e-mail queue (20 messages)
2015-07-20 13:05 CDT mail Sending message #58 queued on 2015-07-20 11:10 CDT
2015-07-20 13:06 CDT mail ERROR: Message could not be sent - Error SMTP: No se pudo autentificar.
2015-07-20 13:06 CDT mail Server not responding for 5 seconds, aborting
2015-07-20 13:07 CDT mail message #78 queued
2015-07-20 13:07 CDT mail queued reminder email #78 for U2
2015-07-20 13:07 CDT mail Processing e-mail queue (21 messages)
2015-07-20 13:07 CDT mail Sending message #58 queued on 2015-07-20 11:10 CDT
2015-07-20 13:07 CDT mail ERROR: Message could not be sent - Error SMTP: No se pudo autentificar.
2015-07-20 13:07 CDT mail Server not responding for 5 seconds, aborting
2015-07-20 13:09 CDT mail message #79 queued
2015-07-20 13:09 CDT mail queued reminder email #79 for U2
2015-07-20 13:09 CDT mail Processing e-mail queue (22 messages)
2015-07-20 13:09 CDT mail Sending message #58 queued on 2015-07-20 11:10 CDT
2015-07-20 13:09 CDT mail ERROR: Message could not be sent - Error SMTP: No se pudo autentificar.
2015-07-20 13:09 CDT mail Server not responding for 5 seconds, aborting
2015-07-20 13:47 CDT mail message #80 queued
2015-07-20 13:47 CDT mail queued reminder email #80 for U2
2015-07-20 13:47 CDT mail Processing e-mail queue (23 messages)
2015-07-20 13:47 CDT mail Sending message #58 queued on 2015-07-20 11:10 CDT
2015-07-20 13:47 CDT mail ERROR: Message could not be sent - Error SMTP: No se pudo autentificar.
2015-07-20 13:47 CDT mail Server not responding for 5 seconds, aborting
2015-07-20 13:48 CDT mail message #81 queued
2015-07-20 13:48 CDT mail queued reminder email #81 for U2
2015-07-20 13:48 CDT mail Processing e-mail queue (24 messages)
2015-07-20 13:48 CDT mail Sending message #58 queued on 2015-07-20 11:10 CDT
2015-07-20 13:48 CDT mail message #58 deleted from queue
2015-07-20 13:48 CDT mail Sending message #59 queued on 2015-07-20 11:11 CDT
2015-07-20 13:48 CDT mail message #59 deleted from queue
2015-07-20 13:48 CDT mail Sending message #60 queued on 2015-07-20 11:12 CDT
2015-07-20 13:48 CDT mail message #60 deleted from queue
2015-07-20 13:48 CDT mail Sending message #61 queued on 2015-07-20 11:15 CDT
2015-07-20 13:49 CDT mail message #61 deleted from queue
2015-07-20 13:49 CDT mail Sending message #62 queued on 2015-07-20 11:17 CDT
2015-07-20 13:49 CDT mail message #62 deleted from queue
2015-07-20 13:49 CDT mail Sending message #63 queued on 2015-07-20 11:20 CDT
2015-07-20 13:55 CDT mail message #84 queued
2015-07-20 13:55 CDT mail queued reminder email #84 for U2
2015-07-20 13:55 CDT mail Processing e-mail queue (15 messages)
2015-07-20 13:55 CDT mail Sending message #70 queued on 2015-07-20 11:54 CDT
2015-07-20 13:55 CDT mail message #70 deleted from queue
2015-07-20 13:55 CDT mail Sending message #71 queued on 2015-07-20 11:55 CDT
2015-07-20 13:55 CDT mail message #71 deleted from queue
2015-07-20 13:55 CDT mail Sending message #72 queued on 2015-07-20 12:45 CDT
2015-07-20 13:56 CDT mail message #72 deleted from queue
2015-07-20 13:56 CDT mail Sending message #73 queued on 2015-07-20 12:52 CDT
2015-07-20 13:56 CDT mail message #73 deleted from queue
2015-07-20 13:56 CDT mail Sending message #74 queued on 2015-07-20 12:57 CDT
2015-07-20 13:57 CDT mail message #85 queued
2015-07-20 13:57 CDT mail queued reminder email #85 for U2
2015-07-20 13:57 CDT mail Processing e-mail queue (12 messages)
2015-07-20 13:57 CDT mail Sending message #74 queued on 2015-07-20 12:57 CDT
2015-07-20 13:57 CDT mail message #74 deleted from queue
2015-07-20 13:57 CDT mail Sending message #75 queued on 2015-07-20 12:59 CDT
2015-07-20 13:57 CDT mail message #75 deleted from queue
2015-07-20 13:57 CDT mail Sending message #76 queued on 2015-07-20 13:00 CDT
2015-07-20 13:57 CDT mail message #76 deleted from queue
2015-07-20 13:57 CDT mail Sending message #77 queued on 2015-07-20 13:05 CDT
2015-07-20 13:57 CDT mail message #77 deleted from queue
2015-07-20 13:57 CDT mail Sending message #78 queued on 2015-07-20 13:07 CDT
2015-07-20 13:58 CDT mail message #86 queued
2015-07-20 13:58 CDT mail queued reminder email #86 for U2
2015-07-20 13:58 CDT mail Processing e-mail queue (9 messages)
2015-07-20 13:58 CDT mail Sending message #78 queued on 2015-07-20 13:07 CDT
2015-07-20 13:58 CDT mail message #78 deleted from queue
2015-07-20 13:58 CDT mail Sending message #79 queued on 2015-07-20 13:09 CDT
2015-07-20 13:58 CDT mail message #79 deleted from queue
2015-07-20 13:58 CDT mail Sending message #80 queued on 2015-07-20 13:47 CDT
2015-07-20 13:58 CDT mail message #80 deleted from queue
2015-07-20 13:58 CDT mail Sending message #81 queued on 2015-07-20 13:48 CDT
2015-07-20 13:58 CDT mail message #81 deleted from queue
2015-07-20 13:58 CDT mail Sending message #82 queued on 2015-07-20 13:52 CDT
2015-07-20 13:58 CDT mail message #82 deleted from queue
2015-07-20 13:58 CDT mail Sending message #83 queued on 2015-07-20 13:54 CDT
2015-07-20 13:58 CDT mail message #83 deleted from queue
2015-07-20 13:58 CDT mail Sending message #84 queued on 2015-07-20 13:55 CDT
2015-07-20 13:58 CDT mail message #84 deleted from queue
2015-07-20 13:58 CDT mail Sending message #85 queued on 2015-07-20 13:57 CDT
2015-07-20 14:00 CDT mail message #87 queued
2015-07-20 14:00 CDT mail queued reminder email #87 for U2
2015-07-20 14:00 CDT mail Processing e-mail queue (3 messages)
2015-07-20 14:00 CDT mail Sending message #85 queued on 2015-07-20 13:57 CDT
2015-07-20 14:01 CDT mail message #85 deleted from queue
2015-07-20 14:01 CDT mail Sending message #86 queued on 2015-07-20 13:58 CDT
2015-07-20 14:01 CDT mail message #86 deleted from queue
2015-07-20 14:01 CDT mail Sending message #87 queued on 2015-07-20 14:00 CDT
2015-07-20 14:01 CDT mail message #87 deleted from queue
2015-07-20 14:02 CDT mail message #88 queued
2015-07-20 14:02 CDT mail queued reminder email #88 for U2
2015-07-20 14:02 CDT mail Processing e-mail queue (1 messages)
2015-07-20 14:02 CDT mail Sending message #88 queued on 2015-07-20 14:02 CDT
2015-07-20 14:02 CDT mail message #88 deleted from queue
2015-07-20 15:14 CDT mail_recipient Issue = #12, add Reporter = @U1
2015-07-20 15:14 CDT mail_recipient Issue = #12, add Handler = @U2
2015-07-20 15:14 CDT mail_recipient Issue = #12, drop @U1 (own)
2015-07-20 15:14 CDT mail Issue = #12, Type = new, Msg = 'email_notification_title_for_action_bug_submitted', User = @U2, Email = 'itzel.ruiz@gifseguridad.com.mx'.
2015-07-20 15:14 CDT mail message #89 queued
2015-07-20 15:14 CDT mail Processing e-mail queue (1 messages)
2015-07-20 15:14 CDT mail Sending message #89 queued on 2015-07-20 15:14 CDT
2015-07-20 15:14 CDT mail message #89 deleted from queue
2015-07-20 15:24 CDT mail_recipient Issue = #11, add Reporter = @U1
2015-07-20 15:24 CDT mail_recipient Issue = #11, add Handler = @U2
2015-07-20 15:24 CDT mail_recipient Issue = #11, add Note Author = @U1
2015-07-20 15:24 CDT mail_recipient Issue = #11, drop @U1 (own)
2015-07-20 15:24 CDT mail_recipient Issue = #11, drop @U2 (access level)
2015-07-20 15:24 CDT mail Processing e-mail queue (0 messages)
